# JRE version: OpenJDK Runtime Environment (8.0_242-b01) (build 1.8.0_242-release-1644-b01)
# Java VM: OpenJDK 64-Bit Server VM (25.242-b01 mixed mode windows-amd64 compressed oops)
Heap:
 PSYoungGen      total 346624K, used 76400K [0x00000000d5580000, 0x00000000f4380000, 0x0000000100000000)
  eden space 299520K, 9% used [0x00000000d5580000,0x00000000d72224f8,0x00000000e7a00000)
  from space 47104K, 99% used [0x00000000e7a00000,0x00000000ea7f9f00,0x00000000ea800000)
  to   space 65024K, 0% used [0x00000000f0400000,0x00000000f0400000,0x00000000f4380000)
 ParOldGen       total 198144K, used 123187K [0x0000000080000000, 0x000000008c180000, 0x00000000d5580000)
  object space 198144K, 62% used [0x0000000080000000,0x000000008784ce18,0x000000008c180000)
 Metaspace       used 101063K, capacity 105913K, committed 106152K, reserved 1140736K
  class space    used 13242K, capacity 14203K, committed 14248K, reserved 1048576K
GC Heap History (10 events):
Event: 322.969 GC heap before
{Heap before GC invocations=19 (full 3):
 PSYoungGen      total 246784K, used 246759K [0x00000000d5580000, 0x00000000e9a00000, 0x0000000100000000)
  eden space 226304K, 100% used [0x00000000d5580000,0x00000000e3280000,0x00000000e3280000)
  from space 20480K, 99% used [0x00000000e3280000,0x00000000e4679c80,0x00000000e4680000)
  to   space 28160K, 0% used [0x00000000e7e80000,0x00000000e7e80000,0x00000000e9a00000)
 ParOldGen       total 127488K, used 53717K [0x0000000080000000, 0x0000000087c80000, 0x00000000d5580000)
  object space 127488K, 42% used [0x0000000080000000,0x0000000083475748,0x0000000087c80000)
 Metaspace       used 90516K, capacity 94530K, committed 94632K, reserved 1130496K
  class space    used 11815K, capacity 12671K, committed 12712K, reserved 1048576K
Event: 322.997 GC heap after
Heap after GC invocations=19 (full 3):
 PSYoungGen      total 294912K, used 18908K [0x00000000d5580000, 0x00000000e9680000, 0x0000000100000000)
  eden space 270336K, 0% used [0x00000000d5580000,0x00000000d5580000,0x00000000e5d80000)
  from space 24576K, 76% used [0x00000000e7e80000,0x00000000e90f72d0,0x00000000e9680000)
  to   space 29184K, 0% used [0x00000000e5d80000,0x00000000e5d80000,0x00000000e7a00000)
 ParOldGen       total 127488K, used 71355K [0x0000000080000000, 0x0000000087c80000, 0x00000000d5580000)
  object space 127488K, 55% used [0x0000000080000000,0x00000000845aec98,0x0000000087c80000)
 Metaspace       used 90516K, capacity 94530K, committed 94632K, reserved 1130496K
  class space    used 11815K, capacity 12671K, committed 12712K, reserved 1048576K
}
Event: 323.925 GC heap before
{Heap before GC invocations=20 (full 3):
 PSYoungGen      total 294912K, used 101127K [0x00000000d5580000, 0x00000000e9680000, 0x0000000100000000)
  eden space 270336K, 30% used [0x00000000d5580000,0x00000000da5ca970,0x00000000e5d80000)
  from space 24576K, 76% used [0x00000000e7e80000,0x00000000e90f72d0,0x00000000e9680000)
  to   space 29184K, 0% used [0x00000000e5d80000,0x00000000e5d80000,0x00000000e7a00000)
 ParOldGen       total 127488K, used 71355K [0x0000000080000000, 0x0000000087c80000, 0x00000000d5580000)
  object space 127488K, 55% used [0x0000000080000000,0x00000000845aec98,0x0000000087c80000)
 Metaspace       used 94243K, capacity 98577K, committed 98600K, reserved 1134592K
  class space    used 12337K, capacity 13201K, committed 13224K, reserved 1048576K
Event: 323.956 GC heap after
Heap after GC invocations=20 (full 3):
 PSYoungGen      total 299520K, used 23679K [0x00000000d5580000, 0x00000000ec700000, 0x0000000100000000)
  eden space 270336K, 0% used [0x00000000d5580000,0x00000000d5580000,0x00000000e5d80000)
  from space 29184K, 81% used [0x00000000e5d80000,0x00000000e749fe98,0x00000000e7a00000)
  to   space 31744K, 0% used [0x00000000ea800000,0x00000000ea800000,0x00000000ec700000)
 ParOldGen       total 127488K, used 71363K [0x0000000080000000, 0x0000000087c80000, 0x00000000d5580000)
  object space 127488K, 55% used [0x0000000080000000,0x00000000845b0c98,0x0000000087c80000)
 Metaspace       used 94243K, capacity 98577K, committed 98600K, reserved 1134592K
  class space    used 12337K, capacity 13201K, committed 13224K, reserved 1048576K
}
Event: 323.956 GC heap before
{Heap before GC invocations=21 (full 4):
 PSYoungGen      total 299520K, used 23679K [0x00000000d5580000, 0x00000000ec700000, 0x0000000100000000)
  eden space 270336K, 0% used [0x00000000d5580000,0x00000000d5580000,0x00000000e5d80000)
  from space 29184K, 81% used [0x00000000e5d80000,0x00000000e749fe98,0x00000000e7a00000)
  to   space 31744K, 0% used [0x00000000ea800000,0x00000000ea800000,0x00000000ec700000)
 ParOldGen       total 127488K, used 71363K [0x0000000080000000, 0x0000000087c80000, 0x00000000d5580000)
  object space 127488K, 55% used [0x0000000080000000,0x00000000845b0c98,0x0000000087c80000)
 Metaspace       used 94243K, capacity 98577K, committed 98600K, reserved 1134592K
  class space    used 12337K, capacity 13201K, committed 13224K, reserved 1048576K
Event: 324.260 GC heap after
Heap after GC invocations=21 (full 4):
 PSYoungGen      total 299520K, used 0K [0x00000000d5580000, 0x00000000ec700000, 0x0000000100000000)
  eden space 270336K, 0% used [0x00000000d5580000,0x00000000d5580000,0x00000000e5d80000)
  from space 29184K, 0% used [0x00000000e5d80000,0x00000000e5d80000,0x00000000e7a00000)
  to   space 31744K, 0% used [0x00000000ea800000,0x00000000ea800000,0x00000000ec700000)
 ParOldGen       total 198144K, used 67417K [0x0000000080000000, 0x000000008c180000, 0x00000000d5580000)
  object space 198144K, 34% used [0x0000000080000000,0x00000000841d6778,0x000000008c180000)
 Metaspace       used 94083K, capacity 98115K, committed 98600K, reserved 1134592K
  class space    used 12284K, capacity 13106K, committed 13224K, reserved 1048576K
}
Event: 329.393 GC heap before
{Heap before GC invocations=22 (full 4):
 PSYoungGen      total 299520K, used 270336K [0x00000000d5580000, 0x00000000ec700000, 0x0000000100000000)
  eden space 270336K, 100% used [0x00000000d5580000,0x00000000e5d80000,0x00000000e5d80000)
  from space 29184K, 0% used [0x00000000e5d80000,0x00000000e5d80000,0x00000000e7a00000)
  to   space 31744K, 0% used [0x00000000ea800000,0x00000000ea800000,0x00000000ec700000)
 ParOldGen       total 198144K, used 67417K [0x0000000080000000, 0x000000008c180000, 0x00000000d5580000)
  object space 198144K, 34% used [0x0000000080000000,0x00000000841d6778,0x000000008c180000)
 Metaspace       used 100853K, capacity 105773K, committed 105896K, reserved 1140736K
  class space    used 13239K, capacity 14201K, committed 14248K, reserved 1048576K
Event: 329.487 GC heap after
Heap after GC invocations=22 (full 4):
 PSYoungGen      total 331264K, used 31741K [0x00000000d5580000, 0x00000000eec80000, 0x0000000100000000)
  eden space 299520K, 0% used [0x00000000d5580000,0x00000000d5580000,0x00000000e7a00000)
  from space 31744K, 99% used [0x00000000ea800000,0x00000000ec6ff6f8,0x00000000ec700000)
  to   space 47104K, 0% used [0x00000000e7a00000,0x00000000e7a00000,0x00000000ea800000)
 ParOldGen       total 198144K, used 96550K [0x0000000080000000, 0x000000008c180000, 0x00000000d5580000)
  object space 198144K, 48% used [0x0000000080000000,0x0000000085e49ad0,0x000000008c180000)
 Metaspace       used 100853K, capacity 105773K, committed 105896K, reserved 1140736K
  class space    used 13239K, capacity 14201K, committed 14248K, reserved 1048576K
}
Event: 331.789 GC heap before
{Heap before GC invocations=23 (full 4):
 PSYoungGen      total 331264K, used 331261K [0x00000000d5580000, 0x00000000eec80000, 0x0000000100000000)
  eden space 299520K, 100% used [0x00000000d5580000,0x00000000e7a00000,0x00000000e7a00000)
  from space 31744K, 99% used [0x00000000ea800000,0x00000000ec6ff6f8,0x00000000ec700000)
  to   space 47104K, 0% used [0x00000000e7a00000,0x00000000e7a00000,0x00000000ea800000)
 ParOldGen       total 198144K, used 96550K [0x0000000080000000, 0x000000008c180000, 0x00000000d5580000)
  object space 198144K, 48% used [0x0000000080000000,0x0000000085e49ad0,0x000000008c180000)
 Metaspace       used 101054K, capacity 105913K, committed 106152K, reserved 1140736K
  class space    used 13242K, capacity 14203K, committed 14248K, reserved 1048576K
Event: 331.976 GC heap after
Heap after GC invocations=23 (full 4):
 PSYoungGen      total 346624K, used 47079K [0x00000000d5580000, 0x00000000f4380000, 0x0000000100000000)
  eden space 299520K, 0% used [0x00000000d5580000,0x00000000d5580000,0x00000000e7a00000)
  from space 47104K, 99% used [0x00000000e7a00000,0x00000000ea7f9f00,0x00000000ea800000)
  to   space 65024K, 0% used [0x00000000f0400000,0x00000000f0400000,0x00000000f4380000)
 ParOldGen       total 198144K, used 123187K [0x0000000080000000, 0x000000008c180000, 0x00000000d5580000)
  object space 198144K, 62% used [0x0000000080000000,0x000000008784ce18,0x000000008c180000)
 Metaspace       used 101054K, capacity 105913K, committed 106152K, reserved 1140736K
  class space    used 13242K, capacity 14203K, committed 14248K, reserved 1048576K
}

